<?xml version="1.0" encoding="UTF-8"?>
<!-- Generated by org.testng.reporters.JUnitXMLReporter -->
<testsuite ignored="3" hostname="Raju" failures="0" tests="6" name="Test" time="3.768" errors="0" timestamp="2025-11-25T08:01:50 IST">
  <testcase classname="com.testing.JsonUtilsUnitTestCases" name="readDataFromInvalidJsonFileTest" time="0.045"/>
  <testcase classname="com.testing.JsonUtilsUnitTestCases" name="readDataFromValidJsonWithUserDetailsModelTest" time="0.87"/>
  <testcase classname="com.testing.XmlUtilsUnitTestCases" name="readDataFromInvalidXmlFileTest" time="0.09"/>
  <testcase classname="com.testing.XmlUtilsUnitTestCases" name="readDataFromValidXmlFileTest" time="0.14"/>
  <testcase classname="com.testing.ExcelUtlsUnitTestCases" name="readDataFromInvalidExcelFileTest" time="0.54"/>
  <testcase classname="com.testing.ExcelUtlsUnitTestCases" name="readDataFromValidExcelFileAndValidSheetTest" time="1.879"/>
  <testcase classname="com.testing.JsonUtilsUnitTestCases" name="readDataFromValidJsonFileWithValidFieldTest" time="0.0">
    <ignored/>
  </testcase> <!-- readDataFromValidJsonFileWithValidFieldTest -->
  <testcase classname="com.testing.JsonUtilsUnitTestCases" name="readDataFromValidJsonFileWithInvalidFieldTest" time="0.0">
    <ignored/>
  </testcase> <!-- readDataFromValidJsonFileWithInvalidFieldTest -->
  <testcase classname="com.testing.ExcelUtlsUnitTestCases" name="readDataFromValidExcelFileAndInvalidSheetTest" time="0.0">
    <ignored/>
  </testcase> <!-- readDataFromValidExcelFileAndInvalidSheetTest -->
</testsuite> <!-- Test -->
