<?xml version="1.0" encoding="UTF-8"?>
<!-- Generated by org.testng.reporters.JUnitReportReporter -->
<testsuite hostname="Raju" failures="0" tests="3" name="com.testing.TestNGUnitTesting" time="0.047" errors="0" timestamp="2025-11-25T07:05:07 IST" skipped="0">
  <testcase classname="com.testing.TestNGUnitTesting" name="excelTest" time="0.022"/>
  <testcase classname="com.testing.TestNGUnitTesting" name="jsonTest" time="0.014"/>
  <testcase classname="com.testing.TestNGUnitTesting" name="xmlTest" time="0.011"/>
</testsuite> <!-- com.testing.TestNGUnitTesting -->
