<?xml version="1.0" encoding="UTF-8"?>
<!-- Generated by org.testng.reporters.JUnitReportReporter -->
<testsuite hostname="Raju" failures="0" tests="2" name="com.testing.JsonUtilsUnitTestCases" time="0.915" errors="0" timestamp="2025-11-25T08:01:50 IST" skipped="0">
  <testcase classname="com.testing.JsonUtilsUnitTestCases" name="readDataFromInvalidJsonFileTest" time="0.045"/>
  <testcase classname="com.testing.JsonUtilsUnitTestCases" name="readDataFromValidJsonWithUserDetailsModelTest" time="0.870"/>
</testsuite> <!-- com.testing.JsonUtilsUnitTestCases -->
