<?xml version="1.0" encoding="UTF-8"?>
<!-- Generated by org.testng.reporters.JUnitReportReporter -->
<testsuite hostname="Raju" failures="0" tests="2" name="com.testing.ExcelUtlsUnitTestCases" time="2.419" errors="0" timestamp="2025-11-25T08:01:50 IST" skipped="0">
  <testcase classname="com.testing.ExcelUtlsUnitTestCases" name="readDataFromValidExcelFileAndValidSheetTest" time="1.879"/>
  <testcase classname="com.testing.ExcelUtlsUnitTestCases" name="readDataFromInvalidExcelFileTest" time="0.540"/>
</testsuite> <!-- com.testing.ExcelUtlsUnitTestCases -->
