<?xml version="1.0" encoding="UTF-8"?>
<!-- Generated by org.testng.reporters.JUnitReportReporter -->
<testsuite hostname="Raju" failures="0" tests="2" name="com.testing.XmlUtilsUnitTestCases" time="0.230" errors="0" timestamp="2025-11-25T08:01:50 IST" skipped="0">
  <testcase classname="com.testing.XmlUtilsUnitTestCases" name="readDataFromInvalidXmlFileTest" time="0.090"/>
  <testcase classname="com.testing.XmlUtilsUnitTestCases" name="readDataFromValidXmlFileTest" time="0.140"/>
</testsuite> <!-- com.testing.XmlUtilsUnitTestCases -->
